#
# There is insufficient memory for the Java Runtime Environment to continue.
# Native memory allocation (malloc) failed to allocate 1048576 bytes for AllocateHeap
# Possible reasons:
#   The system is out of physical RAM or swap space
#   In 32 bit mode, the process size limit was hit
# Possible solutions:
#   Reduce memory load on the system
#   Increase physical memory or swap space
#   Check if swap backing store is full
#   Use 64 bit Java on a 64 bit OS
#   Decrease Java heap size (-Xmx/-Xms)
#   Decrease number of Java threads
#   Decrease Java thread stack sizes (-Xss)
#   Set larger code cache with -XX:ReservedCodeCacheSize=
# This output file may be truncated or incomplete.
#
#  Out of Memory Error (memory/allocation.inline.hpp:61), pid=7120, tid=10752
#
# JRE version:  (8.0_77-b03) (build )
# Java VM: Java HotSpot(TM) 64-Bit Server VM (25.77-b03 mixed mode windows-amd64 compressed oops)
# Failed to write core dump. Minidumps are not enabled by default on client versions of Windows
#

---------------  T H R E A D  ---------------

Current thread (0x000000000279f000):  JavaThread "Unknown thread" [_thread_in_vm, id=10752, stack(0x00000000032a0000,0x00000000033a0000)]

Stack: [0x00000000032a0000,0x00000000033a0000]
[error occurred during error reporting (printing stack bounds), id 0xc0000005]

Native frames: (J=compiled Java code, j=interpreted, Vv=VM code, C=native code)


---------------  P R O C E S S  ---------------

Java Threads: ( => current thread )

Other Threads:

=>0x000000000279f000 (exited) JavaThread "Unknown thread" [_thread_in_vm, id=10752, stack(0x00000000032a0000,0x00000000033a0000)]

VM state:not at safepoint (normal execution)

VM Mutex/Monitor currently owned by a thread: None

Heap:
 PSYoungGen      total 75776K, used 1300K [0x00000000eab00000, 0x00000000eff80000, 0x0000000100000000)
  eden space 65024K, 2% used [0x00000000eab00000,0x00000000eac451f8,0x00000000eea80000)
  from space 10752K, 0% used [0x00000000ef500000,0x00000000ef500000,0x00000000eff80000)
  to   space 10752K, 0% used [0x00000000eea80000,0x00000000eea80000,0x00000000ef500000)
 ParOldGen       total 173568K, used 0K [0x00000000c0000000, 0x00000000ca980000, 0x00000000eab00000)
  object space 173568K, 0% used [0x00000000c0000000,0x00000000c0000000,0x00000000ca980000)
 Metaspace       used 769K, capacity 4480K, committed 4480K, reserved 1056768K
  class space    used 75K, capacity 384K, committed 384K, reserved 1048576K

Card table byte_map: [0x0000000003760000,0x0000000003970000] byte_map_base: 0x0000000003160000

Marking Bits: (ParMarkBitMap*) 0x0000000002fb0600
 Begin Bits: [0x0000000004050000, 0x0000000005050000)
 End Bits:   [0x0000000005050000, 0x0000000006050000)

Polling page: 0x0000000000130000

CodeCache: size=245760Kb used=328Kb max_used=328Kb free=245431Kb
 bounds [0x000000000f010000, 0x000000000f280000, 0x000000001e010000]
 total_blobs=58 nmethods=0 adapters=38
 compilation: enabled

Compilation events (0 events):
No events

GC Heap History (0 events):
No events

Deoptimization events (0 events):
No events

Internal exceptions (0 events):
No events

Events (10 events):
Event: 0.031 loading class java/lang/Short
Event: 0.031 loading class java/lang/Short done
Event: 0.031 loading class java/lang/Integer
Event: 0.031 loading class java/lang/Integer done
Event: 0.031 loading class java/lang/Long
Event: 0.031 loading class java/lang/Long done
Event: 0.032 loading class java/lang/NullPointerException
Event: 0.032 loading class java/lang/NullPointerException done
Event: 0.032 loading class java/lang/ArithmeticException
Event: 0.032 loading class java/lang/ArithmeticException done


Dynamic libraries:
0x000000013f7d0000 - 0x000000013f807000 	C:\Program Files\Java\jdk1.8.0_77\bin\java.exe
0x00000000772d0000 - 0x000000007747a000 	C:\windows\SYSTEM32\ntdll.dll
0x0000000076a90000 - 0x0000000076baf000 	C:\windows\system32\kernel32.dll
0x000007fefd650000 - 0x000007fefd6bb000 	C:\windows\system32\KERNELBASE.dll
0x000007fefdcc0000 - 0x000007fefdd9b000 	C:\windows\system32\ADVAPI32.dll
0x000007fefdea0000 - 0x000007fefdf3f000 	C:\windows\system32\msvcrt.dll
0x000007feff100000 - 0x000007feff11f000 	C:\windows\SYSTEM32\sechost.dll
0x000007fefda10000 - 0x000007fefdb3d000 	C:\windows\system32\RPCRT4.dll
0x00000000771d0000 - 0x00000000772ca000 	C:\windows\system32\USER32.dll
0x000007feff300000 - 0x000007feff367000 	C:\windows\system32\GDI32.dll
0x000007fefdf40000 - 0x000007fefdf4e000 	C:\windows\system32\LPK.dll
0x000007feff030000 - 0x000007feff0fa000 	C:\windows\system32\USP10.dll
0x000007fefbe80000 - 0x000007fefc074000 	C:\windows\WinSxS\amd64_microsoft.windows.common-controls_6595b64144ccf1df_6.0.7601.18837_none_fa3b1e3d17594757\COMCTL32.dll
0x000007fefdbb0000 - 0x000007fefdc21000 	C:\windows\system32\SHLWAPI.dll
0x000007feff370000 - 0x000007feff39e000 	C:\windows\system32\IMM32.DLL
0x000007feff4d0000 - 0x000007feff5d9000 	C:\windows\system32\MSCTF.dll
0x000007fefd4c0000 - 0x000007fefd4f1000 	C:\windows\system32\nvinitx.dll
0x000000000f000000 - 0x000000000f006000 	C:\Program Files\NVIDIA Corporation\CoProcManager\_etoured.dll
0x000007fef9b00000 - 0x000007fef9b5f000 	C:\Program Files\NVIDIA Corporation\CoProcManager\nvd3d9wrapx.dll
0x000007feff120000 - 0x000007feff2f7000 	C:\windows\system32\SETUPAPI.dll
0x000007fefd6f0000 - 0x000007fefd726000 	C:\windows\system32\CFGMGR32.dll
0x000007feff3f0000 - 0x000007feff4c8000 	C:\windows\system32\OLEAUT32.dll
0x000007fefdfd0000 - 0x000007fefe1d3000 	C:\windows\system32\ole32.dll
0x000007fefd5b0000 - 0x000007fefd5ca000 	C:\windows\system32\DEVOBJ.dll
0x000007fef9a10000 - 0x000007fef9a56000 	C:\Program Files\NVIDIA Corporation\CoProcManager\nvdxgiwrapx.dll
0x000000006bdc0000 - 0x000000006be92000 	C:\Program Files\Java\jdk1.8.0_77\jre\bin\msvcr100.dll
0x00000000027a0000 - 0x0000000003030000 	C:\Program Files\Java\jdk1.8.0_77\jre\bin\server\jvm.dll
0x000007fef74b0000 - 0x000007fef74b9000 	C:\windows\system32\WSOCK32.dll
0x000007feff3a0000 - 0x000007feff3ed000 	C:\windows\system32\WS2_32.dll
0x000007fefdba0000 - 0x000007fefdba8000 	C:\windows\system32\NSI.dll
0x000007fefd5d0000 - 0x000007fefd60b000 	C:\windows\system32\WINMM.dll
0x000007fefc450000 - 0x000007fefc45c000 	C:\windows\system32\VERSION.dll
0x0000000077490000 - 0x0000000077497000 	C:\windows\system32\PSAPI.DLL
0x000000006c760000 - 0x000000006c76f000 	C:\Program Files\Java\jdk1.8.0_77\jre\bin\verify.dll
0x0000000056e70000 - 0x0000000056e99000 	C:\Program Files\Java\jdk1.8.0_77\jre\bin\java.dll
0x000000006bf70000 - 0x000000006bf86000 	C:\Program Files\Java\jdk1.8.0_77\jre\bin\zip.dll

VM Arguments:
jvm_args: -Djava.awt.headless=true -Xmx1024M -Dfile.encoding=UTF-8 -Duser.country=CN -Duser.language=zh -Duser.variant 
java_command: com.android.dx.command.Main --dex --output D:\AndroidStudio2.0_Demo\ToDoList\app\build\intermediates\pre-dexed\debug\support-annotations-21.0.3_febb798da9c43268d6dfd08bf94728fb709d5b22.jar G:\sdk\extras\android\m2repository\com\android\support\support-annotations\21.0.3\support-annotations-21.0.3.jar
java_class_path (initial): G:\sdk\build-tools\21.1.2\lib\dx.jar
Launcher Type: SUN_STANDARD

Environment Variables:
JAVA_HOME=C:\Program Files\Java\jdk1.8.0_77
CLASSPATH=D:\Program Files\Android\Android Studio2.0\gradle\gradle-2.10\bin\..\lib\gradle-launcher-2.10.jar
PATH=C:\cygwin\bin;C:\ProgramData\Oracle\Java\javapath;C:\Program Files (x86)\NVIDIA Corporation\PhysX\Common;C:\Program Files (x86)\Intel\iCLS Client\;C:\Program Files\Intel\iCLS Client\;C:\windows\system32;C:\windows;C:\windows\System32\Wbem;C:\windows\System32\WindowsPowerShell\v1.0\;C:\Program Files (x86)\Intel\OpenCL SDK\2.0\bin\x86;C:\Program Files (x86)\Intel\OpenCL SDK\2.0\bin\x64;C:\Program Files\Intel\Intel(R) Management Engine Components\DAL;C:\cygwin\bin;C:\Program Files\Intel\Intel(R) Management Engine Components\IPT;C:\Program Files (x86)\Intel\Intel(R) Management Engine Components\DAL;C:\Program Files (x86)\Intel\Intel(R) Management Engine Components\IPT;C:\Program Files\Intel\WiFi\bin\;C:\Program Files\Common Files\Intel\WirelessCommon\;C:\Program Files (x86)\VisualSVN Server\bin;C:\Program Files (x86)\Rational\common;C:\Program Files (x86)\MySQL\MySQL Server 5.5\bin;C:\Program Files\TortoiseGit\bin;C:\Program Files\Git\bin;C:\Program Files\Git\cmd;G:\sdk\platform-tools;C:\Program Files\nodejs\;C:\Program Files\TortoiseSVN\bin;D:\android-ndk-r10e;D:\Program Files (x86)\Appium\node_modules\.bin;G:\sdk\tools;G:\sdk\platform-tools;D:\apache-ant-1.9.7/bin; D:\apache-ant-1.9.7/lib;G:\sdk\platform-tools;C:\Program Files\Intel\WiFi\bin\;C:\Program Files\Common Files\Intel\WirelessCommon\;C:\Program Files\Java\jdk1.8.0_77\bin;C:\Program Files (x86)\Rational\Rose;D:\Program Files\sdk\platform-tools;D:\Program Files\Android\Android Studio\gradle\gradle-2.4\bin;D:\Program Files\Android\Android Studio2.0\gradle\gradle-2.10\bin;C:\Users\daixiansen\AppData\Roaming\npm;G:\sdk\platform-tools
USERNAME=daixiansen
OS=Windows_NT
PROCESSOR_IDENTIFIER=Intel64 Family 6 Model 58 Stepping 9, GenuineIntel



---------------  S Y S T E M  ---------------

OS: Windows 7 , 64 bit Build 7601 (6.1.7601.19135)

CPU:total 4 (2 cores per cpu, 2 threads per core) family 6 model 58 stepping 9, cmov, cx8, fxsr, mmx, sse, sse2, sse3, ssse3, sse4.1, sse4.2, popcnt, avx, aes, clmul, erms, ht, tsc, tscinvbit, tscinv

Memory: 4k page, physical 16611692k(3331508k free), swap 17658432k(5364k free)

vm_info: Java HotSpot(TM) 64-Bit Server VM (25.77-b03) for windows-amd64 JRE (1.8.0_77-b03), built on Mar 20 2016 22:01:33 by "java_re" with MS VC++ 10.0 (VS2010)

time: Thu Sep 08 17:30:50 2016
elapsed time: 0 seconds (0d 0h 0m 0s)

